<?xml version="1.0" encoding="UTF-8"?>
<testsuite xmlns:xsi="http://www.w3.org/2001/XMLSchema-instance" xsi:noNamespaceSchemaLocation="https://maven.apache.org/surefire/maven-surefire-plugin/xsd/surefire-test-report-3.0.xsd" version="3.0" name="org.example.BlackJackTest" time="4.331" tests="4" errors="0" skipped="0" failures="0">
  <properties>
    <property name="awt.toolkit" value="sun.awt.X11.XToolkit"/>
    <property name="java.specification.version" value="11"/>
    <property name="sun.cpu.isalist" value=""/>
    <property name="sun.jnu.encoding" value="UTF-8"/>
    <property name="java.class.path" value="/mnt/c/Users/pinna/Documents/github/prova/my-project/target/test-classes:/mnt/c/Users/pinna/Documents/github/prova/my-project/target/classes:/home/backend/.m2/repository/org/drools/drools-engine/8.39.0.Final/drools-engine-8.39.0.Final.jar:/home/backend/.m2/repository/org/kie/kie-api/8.39.0.Final/kie-api-8.39.0.Final.jar:/home/backend/.m2/repository/org/kie/kie-internal/8.39.0.Final/kie-internal-8.39.0.Final.jar:/home/backend/.m2/repository/org/drools/drools-core/8.39.0.Final/drools-core-8.39.0.Final.jar:/home/backend/.m2/repository/org/drools/drools-wiring-api/8.39.0.Final/drools-wiring-api-8.39.0.Final.jar:/home/backend/.m2/repository/org/drools/drools-wiring-static/8.39.0.Final/drools-wiring-static-8.39.0.Final.jar:/home/backend/.m2/repository/org/drools/drools-io/8.39.0.Final/drools-io-8.39.0.Final.jar:/home/backend/.m2/repository/org/drools/drools-wiring-dynamic/8.39.0.Final/drools-wiring-dynamic-8.39.0.Final.jar:/home/backend/.m2/repository/org/drools/drools-kiesession/8.39.0.Final/drools-kiesession-8.39.0.Final.jar:/home/backend/.m2/repository/org/drools/drools-tms/8.39.0.Final/drools-tms-8.39.0.Final.jar:/home/backend/.m2/repository/org/drools/drools-compiler/8.39.0.Final/drools-compiler-8.39.0.Final.jar:/home/backend/.m2/repository/org/drools/drools-drl-parser/8.39.0.Final/drools-drl-parser-8.39.0.Final.jar:/home/backend/.m2/repository/org/drools/drools-drl-extensions/8.39.0.Final/drools-drl-extensions-8.39.0.Final.jar:/home/backend/.m2/repository/org/drools/drools-drl-ast/8.39.0.Final/drools-drl-ast-8.39.0.Final.jar:/home/backend/.m2/repository/org/kie/kie-memory-compiler/8.39.0.Final/kie-memory-compiler-8.39.0.Final.jar:/home/backend/.m2/repository/org/drools/drools-ecj/8.39.0.Final/drools-ecj-8.39.0.Final.jar:/home/backend/.m2/repository/org/kie/kie-util-maven-support/8.39.0.Final/kie-util-maven-support-8.39.0.Final.jar:/home/backend/.m2/repository/org/antlr/antlr-runtime/3.5.2/antlr-runtime-3.5.2.jar:/home/backend/.m2/repository/org/drools/drools-model-compiler/8.39.0.Final/drools-model-compiler-8.39.0.Final.jar:/home/backend/.m2/repository/org/drools/drools-canonical-model/8.39.0.Final/drools-canonical-model-8.39.0.Final.jar:/home/backend/.m2/repository/org/drools/drools-model-codegen/8.39.0.Final/drools-model-codegen-8.39.0.Final.jar:/home/backend/.m2/repository/org/drools/drools-util/8.39.0.Final/drools-util-8.39.0.Final.jar:/home/backend/.m2/repository/org/drools/drools-codegen-common/8.39.0.Final/drools-codegen-common-8.39.0.Final.jar:/home/backend/.m2/repository/com/github/javaparser/javaparser-core/3.24.2/javaparser-core-3.24.2.jar:/home/backend/.m2/repository/org/drools/drools-mvel-parser/8.39.0.Final/drools-mvel-parser-8.39.0.Final.jar:/home/backend/.m2/repository/org/drools/drools-mvel-compiler/8.39.0.Final/drools-mvel-compiler-8.39.0.Final.jar:/home/backend/.m2/repository/org/drools/drools-commands/8.39.0.Final/drools-commands-8.39.0.Final.jar:/home/backend/.m2/repository/org/drools/drools-xml-support/8.39.0.Final/drools-xml-support-8.39.0.Final.jar:/home/backend/.m2/repository/com/thoughtworks/xstream/xstream/1.4.20/xstream-1.4.20.jar:/home/backend/.m2/repository/io/github/x-stream/mxparser/1.2.2/mxparser-1.2.2.jar:/home/backend/.m2/repository/xmlpull/xmlpull/1.1.3.1/xmlpull-1.1.3.1.jar:/home/backend/.m2/repository/org/kie/kie-util-xml/8.39.0.Final/kie-util-xml-8.39.0.Final.jar:/home/backend/.m2/repository/org/slf4j/slf4j-api/1.7.30/slf4j-api-1.7.30.jar:/home/backend/.m2/repository/commons-codec/commons-codec/1.15/commons-codec-1.15.jar:/home/backend/.m2/repository/junit/junit/4.13.1/junit-4.13.1.jar:/home/backend/.m2/repository/org/hamcrest/hamcrest-core/1.3/hamcrest-core-1.3.jar:/home/backend/.m2/repository/ch/qos/logback/logback-classic/1.2.9/logback-classic-1.2.9.jar:/home/backend/.m2/repository/ch/qos/logback/logback-core/1.2.9/logback-core-1.2.9.jar:"/>
    <property name="java.vm.vendor" value="Ubuntu"/>
    <property name="sun.arch.data.model" value="64"/>
    <property name="java.vendor.url" value="https://ubuntu.com/"/>
    <property name="user.timezone" value=""/>
    <property name="java.vm.specification.version" value="11"/>
    <property name="os.name" value="Linux"/>
    <property name="sun.java.launcher" value="SUN_STANDARD"/>
    <property name="sun.boot.library.path" value="/usr/lib/jvm/java-11-openjdk-amd64/lib"/>
    <property name="sun.java.command" value="/mnt/c/Users/pinna/Documents/github/prova/my-project/target/surefire/surefirebooter-20230620213646087_3.jar /mnt/c/Users/pinna/Documents/github/prova/my-project/target/surefire 2023-06-20T21-36-46_008-jvmRun1 surefire-20230620213646087_1tmp surefire_0-20230620213646087_2tmp"/>
    <property name="jdk.debug" value="release"/>
    <property name="surefire.test.class.path" value="/mnt/c/Users/pinna/Documents/github/prova/my-project/target/test-classes:/mnt/c/Users/pinna/Documents/github/prova/my-project/target/classes:/home/backend/.m2/repository/org/drools/drools-engine/8.39.0.Final/drools-engine-8.39.0.Final.jar:/home/backend/.m2/repository/org/kie/kie-api/8.39.0.Final/kie-api-8.39.0.Final.jar:/home/backend/.m2/repository/org/kie/kie-internal/8.39.0.Final/kie-internal-8.39.0.Final.jar:/home/backend/.m2/repository/org/drools/drools-core/8.39.0.Final/drools-core-8.39.0.Final.jar:/home/backend/.m2/repository/org/drools/drools-wiring-api/8.39.0.Final/drools-wiring-api-8.39.0.Final.jar:/home/backend/.m2/repository/org/drools/drools-wiring-static/8.39.0.Final/drools-wiring-static-8.39.0.Final.jar:/home/backend/.m2/repository/org/drools/drools-io/8.39.0.Final/drools-io-8.39.0.Final.jar:/home/backend/.m2/repository/org/drools/drools-wiring-dynamic/8.39.0.Final/drools-wiring-dynamic-8.39.0.Final.jar:/home/backend/.m2/repository/org/drools/drools-kiesession/8.39.0.Final/drools-kiesession-8.39.0.Final.jar:/home/backend/.m2/repository/org/drools/drools-tms/8.39.0.Final/drools-tms-8.39.0.Final.jar:/home/backend/.m2/repository/org/drools/drools-compiler/8.39.0.Final/drools-compiler-8.39.0.Final.jar:/home/backend/.m2/repository/org/drools/drools-drl-parser/8.39.0.Final/drools-drl-parser-8.39.0.Final.jar:/home/backend/.m2/repository/org/drools/drools-drl-extensions/8.39.0.Final/drools-drl-extensions-8.39.0.Final.jar:/home/backend/.m2/repository/org/drools/drools-drl-ast/8.39.0.Final/drools-drl-ast-8.39.0.Final.jar:/home/backend/.m2/repository/org/kie/kie-memory-compiler/8.39.0.Final/kie-memory-compiler-8.39.0.Final.jar:/home/backend/.m2/repository/org/drools/drools-ecj/8.39.0.Final/drools-ecj-8.39.0.Final.jar:/home/backend/.m2/repository/org/kie/kie-util-maven-support/8.39.0.Final/kie-util-maven-support-8.39.0.Final.jar:/home/backend/.m2/repository/org/antlr/antlr-runtime/3.5.2/antlr-runtime-3.5.2.jar:/home/backend/.m2/repository/org/drools/drools-model-compiler/8.39.0.Final/drools-model-compiler-8.39.0.Final.jar:/home/backend/.m2/repository/org/drools/drools-canonical-model/8.39.0.Final/drools-canonical-model-8.39.0.Final.jar:/home/backend/.m2/repository/org/drools/drools-model-codegen/8.39.0.Final/drools-model-codegen-8.39.0.Final.jar:/home/backend/.m2/repository/org/drools/drools-util/8.39.0.Final/drools-util-8.39.0.Final.jar:/home/backend/.m2/repository/org/drools/drools-codegen-common/8.39.0.Final/drools-codegen-common-8.39.0.Final.jar:/home/backend/.m2/repository/com/github/javaparser/javaparser-core/3.24.2/javaparser-core-3.24.2.jar:/home/backend/.m2/repository/org/drools/drools-mvel-parser/8.39.0.Final/drools-mvel-parser-8.39.0.Final.jar:/home/backend/.m2/repository/org/drools/drools-mvel-compiler/8.39.0.Final/drools-mvel-compiler-8.39.0.Final.jar:/home/backend/.m2/repository/org/drools/drools-commands/8.39.0.Final/drools-commands-8.39.0.Final.jar:/home/backend/.m2/repository/org/drools/drools-xml-support/8.39.0.Final/drools-xml-support-8.39.0.Final.jar:/home/backend/.m2/repository/com/thoughtworks/xstream/xstream/1.4.20/xstream-1.4.20.jar:/home/backend/.m2/repository/io/github/x-stream/mxparser/1.2.2/mxparser-1.2.2.jar:/home/backend/.m2/repository/xmlpull/xmlpull/1.1.3.1/xmlpull-1.1.3.1.jar:/home/backend/.m2/repository/org/kie/kie-util-xml/8.39.0.Final/kie-util-xml-8.39.0.Final.jar:/home/backend/.m2/repository/org/slf4j/slf4j-api/1.7.30/slf4j-api-1.7.30.jar:/home/backend/.m2/repository/commons-codec/commons-codec/1.15/commons-codec-1.15.jar:/home/backend/.m2/repository/junit/junit/4.13.1/junit-4.13.1.jar:/home/backend/.m2/repository/org/hamcrest/hamcrest-core/1.3/hamcrest-core-1.3.jar:/home/backend/.m2/repository/ch/qos/logback/logback-classic/1.2.9/logback-classic-1.2.9.jar:/home/backend/.m2/repository/ch/qos/logback/logback-core/1.2.9/logback-core-1.2.9.jar:"/>
    <property name="sun.cpu.endian" value="little"/>
    <property name="user.home" value="/home/backend"/>
    <property name="user.language" value="en"/>
    <property name="java.specification.vendor" value="Oracle Corporation"/>
    <property name="java.version.date" value="2023-01-17"/>
    <property name="java.home" value="/usr/lib/jvm/java-11-openjdk-amd64"/>
    <property name="file.separator" value="/"/>
    <property name="basedir" value="/mnt/c/Users/pinna/Documents/github/prova/my-project"/>
    <property name="java.vm.compressedOopsMode" value="32-bit"/>
    <property name="line.separator" value="&#10;"/>
    <property name="java.specification.name" value="Java Platform API Specification"/>
    <property name="java.vm.specification.vendor" value="Oracle Corporation"/>
    <property name="java.awt.graphicsenv" value="sun.awt.X11GraphicsEnvironment"/>
    <property name="surefire.real.class.path" value="/mnt/c/Users/pinna/Documents/github/prova/my-project/target/surefire/surefirebooter-20230620213646087_3.jar"/>
    <property name="sun.management.compiler" value="HotSpot 64-Bit Tiered Compilers"/>
    <property name="java.runtime.version" value="11.0.18+10-post-Ubuntu-0ubuntu122.04"/>
    <property name="user.name" value="backend"/>
    <property name="path.separator" value=":"/>
    <property name="os.version" value="5.15.90.1-microsoft-standard-WSL2"/>
    <property name="java.runtime.name" value="OpenJDK Runtime Environment"/>
    <property name="file.encoding" value="UTF-8"/>
    <property name="java.vm.name" value="OpenJDK 64-Bit Server VM"/>
    <property name="localRepository" value="/home/backend/.m2/repository"/>
    <property name="java.vendor.url.bug" value="https://bugs.launchpad.net/ubuntu/+source/openjdk-lts"/>
    <property name="java.io.tmpdir" value="/tmp"/>
    <property name="java.version" value="11.0.18"/>
    <property name="user.dir" value="/mnt/c/Users/pinna/Documents/github/prova/my-project"/>
    <property name="os.arch" value="amd64"/>
    <property name="java.vm.specification.name" value="Java Virtual Machine Specification"/>
    <property name="java.awt.printerjob" value="sun.print.PSPrinterJob"/>
    <property name="sun.os.patch.level" value="unknown"/>
    <property name="java.library.path" value="/usr/java/packages/lib:/usr/lib/x86_64-linux-gnu/jni:/lib/x86_64-linux-gnu:/usr/lib/x86_64-linux-gnu:/usr/lib/jni:/lib:/usr/lib"/>
    <property name="java.vm.info" value="mixed mode, sharing"/>
    <property name="java.vendor" value="Ubuntu"/>
    <property name="java.vm.version" value="11.0.18+10-post-Ubuntu-0ubuntu122.04"/>
    <property name="sun.io.unicode.encoding" value="UnicodeLittle"/>
    <property name="java.class.version" value="55.0"/>
  </properties>
  <testcase name="testGiocatoreHaPerso" classname="org.example.BlackJackTest" time="4.046">
    <system-out><![CDATA[2023-06-20 21:36:47,416 [main] INFO  Found kmodule: file:/mnt/c/Users/pinna/Documents/github/prova/my-project/target/classes/META-INF/kmodule.xml
2023-06-20 21:36:48,149 [main] WARN  Unable to find pom.properties in /mnt/c/Users/pinna/Documents/github/prova/my-project/target/classes
2023-06-20 21:36:48,190 [main] INFO  Recursed up folders, found and used pom.xml /mnt/c/Users/pinna/Documents/github/prova/my-project/pom.xml
2023-06-20 21:36:48,208 [main] INFO  Creating KieModule for artifact org.example:my-project:1.0-SNAPSHOT
2023-06-20 21:36:48,250 [main] INFO  Artifact org.example:my-project:1.0-SNAPSHOT has executable model
2023-06-20 21:36:48,299 [main] INFO  Start creation of KieBase: defaultKieBase
2023-06-20 21:36:50,158 [main] INFO  End creation of KieBase: defaultKieBase
Il giocatore ha perso.
]]></system-out>
  </testcase>
  <testcase name="testGiocatoreHaVinto" classname="org.example.BlackJackTest" time="0">
    <system-out><![CDATA[Il giocatore ha vinto!
]]></system-out>
  </testcase>
  <testcase name="testCasaHaPerso" classname="org.example.BlackJackTest" time="0.001">
    <system-out><![CDATA[La casa ha perso.
]]></system-out>
  </testcase>
  <testcase name="testCasaHaVinto" classname="org.example.BlackJackTest" time="0.001">
    <system-out><![CDATA[La casa ha vinto!
]]></system-out>
  </testcase>
</testsuite>